  ConnectDotsModern.cpp
e:\math155\math155b_projects\project1_catmull-romandoverhauser\project1_catmull-romandoverhauser\connectdotsmodern.cpp(215): warning C4244: '=': conversion from 'double' to 'float', possible loss of data
e:\math155\math155b_projects\project1_catmull-romandoverhauser\project1_catmull-romandoverhauser\connectdotsmodern.cpp(216): warning C4244: '=': conversion from 'double' to 'float', possible loss of data
e:\math155\math155b_projects\project1_catmull-romandoverhauser\project1_catmull-romandoverhauser\connectdotsmodern.cpp(221): warning C4244: '=': conversion from 'double' to 'float', possible loss of data
e:\math155\math155b_projects\project1_catmull-romandoverhauser\project1_catmull-romandoverhauser\connectdotsmodern.cpp(222): warning C4244: '=': conversion from 'double' to 'float', possible loss of data
e:\math155\math155b_projects\project1_catmull-romandoverhauser\project1_catmull-romandoverhauser\connectdotsmodern.cpp(391): warning C4244: '=': conversion from 'double' to 'float', possible loss of data
e:\math155\math155b_projects\project1_catmull-romandoverhauser\project1_catmull-romandoverhauser\connectdotsmodern.cpp(392): warning C4244: '=': conversion from 'double' to 'float', possible loss of data
e:\math155\math155b_projects\project1_catmull-romandoverhauser\project1_catmull-romandoverhauser\connectdotsmodern.cpp(397): warning C4244: '=': conversion from 'double' to 'float', possible loss of data
e:\math155\math155b_projects\project1_catmull-romandoverhauser\project1_catmull-romandoverhauser\connectdotsmodern.cpp(398): warning C4244: '=': conversion from 'double' to 'float', possible loss of data
e:\math155\math155b_projects\project1_catmull-romandoverhauser\project1_catmull-romandoverhauser\connectdotsmodern.cpp(576): warning C4244: '=': conversion from 'double' to 'float', possible loss of data
e:\math155\math155b_projects\project1_catmull-romandoverhauser\project1_catmull-romandoverhauser\connectdotsmodern.cpp(577): warning C4244: '=': conversion from 'double' to 'float', possible loss of data
e:\math155\math155b_projects\project1_catmull-romandoverhauser\project1_catmull-romandoverhauser\connectdotsmodern.cpp(582): warning C4244: '=': conversion from 'double' to 'float', possible loss of data
e:\math155\math155b_projects\project1_catmull-romandoverhauser\project1_catmull-romandoverhauser\connectdotsmodern.cpp(583): warning C4244: '=': conversion from 'double' to 'float', possible loss of data
e:\math155\math155b_projects\project1_catmull-romandoverhauser\project1_catmull-romandoverhauser\connectdotsmodern.cpp(626): warning C4244: 'initializing': conversion from 'double' to 'float', possible loss of data
e:\math155\math155b_projects\project1_catmull-romandoverhauser\project1_catmull-romandoverhauser\connectdotsmodern.cpp(636): warning C4244: '=': conversion from 'double' to 'float', possible loss of data
e:\math155\math155b_projects\project1_catmull-romandoverhauser\project1_catmull-romandoverhauser\connectdotsmodern.cpp(637): warning C4244: '=': conversion from 'double' to 'float', possible loss of data
  LinearR2.cpp
  ShaderMgrSDM.cpp
  Generating Code...
LINK : warning LNK4098: defaultlib 'MSVCRT' conflicts with use of other libs; use /NODEFAULTLIB:library
LINK : warning LNK4098: defaultlib 'LIBCMT' conflicts with use of other libs; use /NODEFAULTLIB:library
glew32s.lib(glew.obj) : warning LNK4099: PDB 'vc120.pdb' was not found with 'glew32s.lib(glew.obj)' or at 'E:\Math155\Math155B_Projects\Project1_Catmull-RomAndOverhauser\Debug\vc120.pdb'; linking object as if no debug info
  Project1_Catmull-RomAndOverhauser.vcxproj -> E:\Math155\Math155B_Projects\Project1_Catmull-RomAndOverhauser\Debug\Project1_Catmull-RomAndOverhauser.exe
